2024-02-17 17:06:54,150 INFO o.s.t.c.s.AbstractTestContextBootstrapper [main] Neither @ContextConfiguration nor @ContextHierarchy found for test class [ru.sbercources.library.LibraryApplicationTests], using SpringBootContextLoader
2024-02-17 17:06:54,172 INFO o.s.t.c.s.AbstractContextLoader [main] Could not detect default resource locations for test class [ru.sbercources.library.LibraryApplicationTests]: no resource found for suffixes {-context.xml, Context.groovy}.
2024-02-17 17:06:54,190 INFO o.s.t.c.s.AnnotationConfigContextLoaderUtils [main] Could not detect default configuration classes for test class [ru.sbercources.library.LibraryApplicationTests]: LibraryApplicationTests does not declare any static, non-private, non-final, nested classes annotated with @Configuration.
2024-02-17 17:06:54,737 INFO o.s.b.t.c.SpringBootTestContextBootstrapper [main] Found @SpringBootConfiguration ru.sbercources.library.LibraryApplication for test class ru.sbercources.library.LibraryApplicationTests
2024-02-17 17:06:55,196 INFO o.s.t.c.s.AbstractTestContextBootstrapper [main] Loaded default TestExecutionListener class names from location [META-INF/spring.factories]: [org.springframework.boot.test.mock.mockito.MockitoTestExecutionListener, org.springframework.boot.test.mock.mockito.ResetMocksTestExecutionListener, org.springframework.boot.test.autoconfigure.restdocs.RestDocsTestExecutionListener, org.springframework.boot.test.autoconfigure.web.client.MockRestServiceServerResetTestExecutionListener, org.springframework.boot.test.autoconfigure.web.servlet.MockMvcPrintOnlyOnFailureTestExecutionListener, org.springframework.boot.test.autoconfigure.web.servlet.WebDriverTestExecutionListener, org.springframework.boot.test.autoconfigure.webservices.client.MockWebServiceServerTestExecutionListener, org.springframework.test.context.web.ServletTestExecutionListener, org.springframework.test.context.support.DirtiesContextBeforeModesTestExecutionListener, org.springframework.test.context.event.ApplicationEventsTestExecutionListener, org.springframework.test.context.support.DependencyInjectionTestExecutionListener, org.springframework.test.context.support.DirtiesContextTestExecutionListener, org.springframework.test.context.transaction.TransactionalTestExecutionListener, org.springframework.test.context.jdbc.SqlScriptsTestExecutionListener, org.springframework.test.context.event.EventPublishingTestExecutionListener, org.springframework.security.test.context.support.WithSecurityContextTestExecutionListener, org.springframework.security.test.context.support.ReactorContextTestExecutionListener]
2024-02-17 17:06:55,255 INFO o.s.t.c.s.AbstractTestContextBootstrapper [main] Using TestExecutionListeners: [org.springframework.test.context.web.ServletTestExecutionListener@2bffa76d, org.springframework.test.context.support.DirtiesContextBeforeModesTestExecutionListener@3b718392, org.springframework.test.context.event.ApplicationEventsTestExecutionListener@6d2260db, org.springframework.boot.test.mock.mockito.MockitoTestExecutionListener@1f2d2181, org.springframework.boot.test.autoconfigure.SpringBootDependencyInjectionTestExecutionListener@49bf29c6, org.springframework.test.context.support.DirtiesContextTestExecutionListener@7ee55e70, org.springframework.test.context.transaction.TransactionalTestExecutionListener@3fcdcf, org.springframework.test.context.jdbc.SqlScriptsTestExecutionListener@7668d560, org.springframework.test.context.event.EventPublishingTestExecutionListener@46292372, org.springframework.security.test.context.support.WithSecurityContextTestExecutionListener@126be319, org.springframework.security.test.context.support.ReactorContextTestExecutionListener@6c44052e, org.springframework.boot.test.mock.mockito.ResetMocksTestExecutionListener@5c371e13, org.springframework.boot.test.autoconfigure.restdocs.RestDocsTestExecutionListener@530a8454, org.springframework.boot.test.autoconfigure.web.client.MockRestServiceServerResetTestExecutionListener@1e34c607, org.springframework.boot.test.autoconfigure.web.servlet.MockMvcPrintOnlyOnFailureTestExecutionListener@5215cd9a, org.springframework.boot.test.autoconfigure.web.servlet.WebDriverTestExecutionListener@36b6964d, org.springframework.boot.test.autoconfigure.webservices.client.MockWebServiceServerTestExecutionListener@31198ceb]
2024-02-17 17:06:56,672 INFO o.h.v.i.u.Version [background-preinit] HV000001: Hibernate Validator 6.2.5.Final
2024-02-17 17:06:56,749 INFO o.s.b.StartupInfoLogger [main] Starting LibraryApplicationTests using Java 18.0.1.1 on LAPTOP-VBD07M7I with PID 6612 (started by zemly in C:\Users\zemly\Desktop\library-main)
2024-02-17 17:06:56,761 INFO o.s.b.SpringApplication [main] No active profile set, falling back to 1 default profile: "default"
2024-02-17 17:07:01,709 INFO o.s.d.r.c.RepositoryConfigurationDelegate [main] Multiple Spring Data modules found, entering strict repository configuration mode
2024-02-17 17:07:01,715 INFO o.s.d.r.c.RepositoryConfigurationDelegate [main] Bootstrapping Spring Data JDBC repositories in DEFAULT mode.
2024-02-17 17:07:01,847 INFO o.s.d.r.c.RepositoryConfigurationExtensionSupport [main] Spring Data JDBC - Could not safely identify store assignment for repository candidate interface ru.sbercources.library.repository.AuthorRepository; If you want this repository to be a JDBC repository, consider annotating your entities with one of these annotations: org.springframework.data.relational.core.mapping.Table.
2024-02-17 17:07:01,853 INFO o.s.d.r.c.RepositoryConfigurationExtensionSupport [main] Spring Data JDBC - Could not safely identify store assignment for repository candidate interface ru.sbercources.library.repository.BookRepository; If you want this repository to be a JDBC repository, consider annotating your entities with one of these annotations: org.springframework.data.relational.core.mapping.Table.
2024-02-17 17:07:01,866 INFO o.s.d.r.c.RepositoryConfigurationExtensionSupport [main] Spring Data JDBC - Could not safely identify store assignment for repository candidate interface ru.sbercources.library.repository.PublishRepository; If you want this repository to be a JDBC repository, consider annotating your entities with one of these annotations: org.springframework.data.relational.core.mapping.Table.
2024-02-17 17:07:01,870 INFO o.s.d.r.c.RepositoryConfigurationExtensionSupport [main] Spring Data JDBC - Could not safely identify store assignment for repository candidate interface ru.sbercources.library.repository.RoleRepository; If you want this repository to be a JDBC repository, consider annotating your entities with one of these annotations: org.springframework.data.relational.core.mapping.Table.
2024-02-17 17:07:01,877 INFO o.s.d.r.c.RepositoryConfigurationExtensionSupport [main] Spring Data JDBC - Could not safely identify store assignment for repository candidate interface ru.sbercources.library.repository.UserRepository; If you want this repository to be a JDBC repository, consider annotating your entities with one of these annotations: org.springframework.data.relational.core.mapping.Table.
2024-02-17 17:07:01,879 INFO o.s.d.r.c.RepositoryConfigurationDelegate [main] Finished Spring Data repository scanning in 143 ms. Found 0 JDBC repository interfaces.
2024-02-17 17:07:01,921 INFO o.s.d.r.c.RepositoryConfigurationDelegate [main] Multiple Spring Data modules found, entering strict repository configuration mode
2024-02-17 17:07:01,952 INFO o.s.d.r.c.RepositoryConfigurationDelegate [main] Bootstrapping Spring Data JPA repositories in DEFAULT mode.
2024-02-17 17:07:02,230 INFO o.s.d.r.c.RepositoryConfigurationDelegate [main] Finished Spring Data repository scanning in 261 ms. Found 5 JPA repository interfaces.
2024-02-17 17:07:05,043 INFO o.h.j.i.u.LogHelper [main] HHH000204: Processing PersistenceUnitInfo [name: default]
2024-02-17 17:07:05,403 INFO o.h.Version [main] HHH000412: Hibernate ORM core version 5.6.14.Final
2024-02-17 17:07:06,273 INFO o.h.a.c.r.j.JavaReflectionManager [main] HCANN000001: Hibernate Commons Annotations {5.1.2.Final}
2024-02-17 17:07:07,248 INFO c.z.h.HikariDataSource [main] HikariPool-1 - Starting...
2024-02-17 17:07:08,400 INFO c.z.h.HikariDataSource [main] HikariPool-1 - Start completed.
2024-02-17 17:07:08,561 INFO o.h.d.Dialect [main] HHH000400: Using dialect: org.hibernate.dialect.PostgreSQL10Dialect
2024-02-17 17:07:09,517 WARN o.h.b.i.InFlightMetadataCollectorImpl [main] HHH000069: Duplicate generator name default_generator
2024-02-17 17:07:09,549 WARN o.h.b.i.InFlightMetadataCollectorImpl [main] HHH000069: Duplicate generator name default_generator
2024-02-17 17:07:09,606 WARN o.h.b.i.InFlightMetadataCollectorImpl [main] HHH000069: Duplicate generator name default_generator
2024-02-17 17:07:12,652 INFO o.h.e.t.j.p.i.JtaPlatformInitiator [main] HHH000490: Using JtaPlatform implementation: [org.hibernate.engine.transaction.jta.platform.internal.NoJtaPlatform]
2024-02-17 17:07:12,672 INFO o.s.o.j.AbstractEntityManagerFactoryBean [main] Initialized JPA EntityManagerFactory for persistence unit 'default'
2024-02-17 17:07:19,060 INFO o.s.s.w.DefaultSecurityFilterChain [main] Will secure any request with [org.springframework.security.web.session.DisableEncodeUrlFilter@6aa7d7a0, org.springframework.security.web.context.request.async.WebAsyncManagerIntegrationFilter@4c3125ff, org.springframework.security.web.context.SecurityContextPersistenceFilter@5581e273, org.springframework.security.web.header.HeaderWriterFilter@3979c6e8, org.springframework.security.web.authentication.logout.LogoutFilter@638b05fb, org.springframework.security.web.authentication.UsernamePasswordAuthenticationFilter@4f78adf, org.springframework.security.web.savedrequest.RequestCacheAwareFilter@4c5d1649, org.springframework.security.web.servletapi.SecurityContextHolderAwareRequestFilter@1695f7cb, org.springframework.security.web.authentication.AnonymousAuthenticationFilter@d2ca3a9, org.springframework.security.web.session.SessionManagementFilter@4d6fa22c, org.springframework.security.web.access.ExceptionTranslationFilter@996293a, org.springframework.security.web.access.intercept.FilterSecurityInterceptor@31e3b882]
2024-02-17 17:07:19,765 WARN o.s.b.a.o.j.JpaBaseConfiguration$JpaWebConfiguration [main] spring.jpa.open-in-view is enabled by default. Therefore, database queries may be performed during view rendering. Explicitly configure spring.jpa.open-in-view to disable this warning
2024-02-17 17:07:20,195 INFO o.s.b.a.w.s.WelcomePageHandlerMapping [main] Adding welcome page template: index
2024-02-17 17:07:24,183 INFO o.s.s.w.DefaultSecurityFilterChain [main] Will secure any request with [org.springframework.security.web.session.DisableEncodeUrlFilter@1ef4179, org.springframework.security.web.context.request.async.WebAsyncManagerIntegrationFilter@322f6283, org.springframework.security.web.context.SecurityContextPersistenceFilter@14c1cba6, org.springframework.security.web.header.HeaderWriterFilter@4290fcd7, org.springframework.web.filter.CorsFilter@168f447d, org.springframework.security.web.authentication.logout.LogoutFilter@79de00af, ru.sbercources.library.security.JwtTokenFilter@125bc00d, org.springframework.security.web.authentication.www.BasicAuthenticationFilter@69ca71b3, org.springframework.security.web.savedrequest.RequestCacheAwareFilter@6f78c132, org.springframework.security.web.servletapi.SecurityContextHolderAwareRequestFilter@2a4bee4e, org.springframework.security.web.authentication.AnonymousAuthenticationFilter@4756c8f3, org.springframework.security.web.session.SessionManagementFilter@5a503cf0, org.springframework.security.web.access.ExceptionTranslationFilter@78907a46, org.springframework.security.web.access.intercept.FilterSecurityInterceptor@237e4ed9]
2024-02-17 17:07:27,601 INFO o.s.b.StartupInfoLogger [main] Started LibraryApplicationTests in 32.178 seconds (JVM running for 37.765)
2024-02-17 17:07:28,497 INFO o.s.t.c.s.AbstractTestContextBootstrapper [main] Neither @ContextConfiguration nor @ContextHierarchy found for test class [ru.sbercources.library.rest.controller.AuthorControllerTest], using SpringBootContextLoader
2024-02-17 17:07:28,499 INFO o.s.t.c.s.AbstractContextLoader [main] Could not detect default resource locations for test class [ru.sbercources.library.rest.controller.AuthorControllerTest]: no resource found for suffixes {-context.xml, Context.groovy}.
2024-02-17 17:07:28,501 INFO o.s.t.c.s.AnnotationConfigContextLoaderUtils [main] Could not detect default configuration classes for test class [ru.sbercources.library.rest.controller.AuthorControllerTest]: AuthorControllerTest does not declare any static, non-private, non-final, nested classes annotated with @Configuration.
2024-02-17 17:07:28,676 INFO o.s.b.t.c.SpringBootTestContextBootstrapper [main] Found @SpringBootConfiguration ru.sbercources.library.LibraryApplication for test class ru.sbercources.library.rest.controller.AuthorControllerTest
2024-02-17 17:07:28,683 INFO o.s.t.c.s.AbstractTestContextBootstrapper [main] Loaded default TestExecutionListener class names from location [META-INF/spring.factories]: [org.springframework.boot.test.mock.mockito.MockitoTestExecutionListener, org.springframework.boot.test.mock.mockito.ResetMocksTestExecutionListener, org.springframework.boot.test.autoconfigure.restdocs.RestDocsTestExecutionListener, org.springframework.boot.test.autoconfigure.web.client.MockRestServiceServerResetTestExecutionListener, org.springframework.boot.test.autoconfigure.web.servlet.MockMvcPrintOnlyOnFailureTestExecutionListener, org.springframework.boot.test.autoconfigure.web.servlet.WebDriverTestExecutionListener, org.springframework.boot.test.autoconfigure.webservices.client.MockWebServiceServerTestExecutionListener, org.springframework.test.context.web.ServletTestExecutionListener, org.springframework.test.context.support.DirtiesContextBeforeModesTestExecutionListener, org.springframework.test.context.event.ApplicationEventsTestExecutionListener, org.springframework.test.context.support.DependencyInjectionTestExecutionListener, org.springframework.test.context.support.DirtiesContextTestExecutionListener, org.springframework.test.context.transaction.TransactionalTestExecutionListener, org.springframework.test.context.jdbc.SqlScriptsTestExecutionListener, org.springframework.test.context.event.EventPublishingTestExecutionListener, org.springframework.security.test.context.support.WithSecurityContextTestExecutionListener, org.springframework.security.test.context.support.ReactorContextTestExecutionListener]
2024-02-17 17:07:28,685 INFO o.s.t.c.s.AbstractTestContextBootstrapper [main] Using TestExecutionListeners: [org.springframework.test.context.web.ServletTestExecutionListener@740610a2, org.springframework.test.context.support.DirtiesContextBeforeModesTestExecutionListener@6bfa228c, org.springframework.test.context.event.ApplicationEventsTestExecutionListener@6b351a54, org.springframework.boot.test.mock.mockito.MockitoTestExecutionListener@43edd4e0, org.springframework.boot.test.autoconfigure.SpringBootDependencyInjectionTestExecutionListener@72a4f3f, org.springframework.test.context.support.DirtiesContextTestExecutionListener@3dfef314, org.springframework.test.context.transaction.TransactionalTestExecutionListener@7edab945, org.springframework.test.context.jdbc.SqlScriptsTestExecutionListener@533d28aa, org.springframework.test.context.event.EventPublishingTestExecutionListener@6bbd645, org.springframework.security.test.context.support.WithSecurityContextTestExecutionListener@4c97e3d5, org.springframework.security.test.context.support.ReactorContextTestExecutionListener@672c6b93, org.springframework.boot.test.mock.mockito.ResetMocksTestExecutionListener@5d6e77a4, org.springframework.boot.test.autoconfigure.restdocs.RestDocsTestExecutionListener@5bf9bb2, org.springframework.boot.test.autoconfigure.web.client.MockRestServiceServerResetTestExecutionListener@76c5599b, org.springframework.boot.test.autoconfigure.web.servlet.MockMvcPrintOnlyOnFailureTestExecutionListener@7231c423, org.springframework.boot.test.autoconfigure.web.servlet.WebDriverTestExecutionListener@5c4c4e96, org.springframework.boot.test.autoconfigure.webservices.client.MockWebServiceServerTestExecutionListener@25d73ca6]
2024-02-17 17:07:28,915 INFO o.s.b.StartupInfoLogger [main] Starting AuthorControllerTest using Java 18.0.1.1 on LAPTOP-VBD07M7I with PID 6612 (started by zemly in C:\Users\zemly\Desktop\library-main)
2024-02-17 17:07:28,918 INFO o.s.b.SpringApplication [main] No active profile set, falling back to 1 default profile: "default"
2024-02-17 17:07:30,534 INFO o.s.d.r.c.RepositoryConfigurationDelegate [main] Multiple Spring Data modules found, entering strict repository configuration mode
2024-02-17 17:07:30,534 INFO o.s.d.r.c.RepositoryConfigurationDelegate [main] Bootstrapping Spring Data JDBC repositories in DEFAULT mode.
2024-02-17 17:07:30,582 INFO o.s.d.r.c.RepositoryConfigurationExtensionSupport [main] Spring Data JDBC - Could not safely identify store assignment for repository candidate interface ru.sbercources.library.repository.AuthorRepository; If you want this repository to be a JDBC repository, consider annotating your entities with one of these annotations: org.springframework.data.relational.core.mapping.Table.
2024-02-17 17:07:30,584 INFO o.s.d.r.c.RepositoryConfigurationExtensionSupport [main] Spring Data JDBC - Could not safely identify store assignment for repository candidate interface ru.sbercources.library.repository.BookRepository; If you want this repository to be a JDBC repository, consider annotating your entities with one of these annotations: org.springframework.data.relational.core.mapping.Table.
2024-02-17 17:07:30,585 INFO o.s.d.r.c.RepositoryConfigurationExtensionSupport [main] Spring Data JDBC - Could not safely identify store assignment for repository candidate interface ru.sbercources.library.repository.PublishRepository; If you want this repository to be a JDBC repository, consider annotating your entities with one of these annotations: org.springframework.data.relational.core.mapping.Table.
2024-02-17 17:07:30,587 INFO o.s.d.r.c.RepositoryConfigurationExtensionSupport [main] Spring Data JDBC - Could not safely identify store assignment for repository candidate interface ru.sbercources.library.repository.RoleRepository; If you want this repository to be a JDBC repository, consider annotating your entities with one of these annotations: org.springframework.data.relational.core.mapping.Table.
2024-02-17 17:07:30,590 INFO o.s.d.r.c.RepositoryConfigurationExtensionSupport [main] Spring Data JDBC - Could not safely identify store assignment for repository candidate interface ru.sbercources.library.repository.UserRepository; If you want this repository to be a JDBC repository, consider annotating your entities with one of these annotations: org.springframework.data.relational.core.mapping.Table.
2024-02-17 17:07:30,592 INFO o.s.d.r.c.RepositoryConfigurationDelegate [main] Finished Spring Data repository scanning in 56 ms. Found 0 JDBC repository interfaces.
2024-02-17 17:07:30,602 INFO o.s.d.r.c.RepositoryConfigurationDelegate [main] Multiple Spring Data modules found, entering strict repository configuration mode
2024-02-17 17:07:30,605 INFO o.s.d.r.c.RepositoryConfigurationDelegate [main] Bootstrapping Spring Data JPA repositories in DEFAULT mode.
2024-02-17 17:07:30,698 INFO o.s.d.r.c.RepositoryConfigurationDelegate [main] Finished Spring Data repository scanning in 92 ms. Found 5 JPA repository interfaces.
2024-02-17 17:07:32,312 INFO o.s.b.w.e.t.TomcatWebServer [main] Tomcat initialized with port(s): 0 (http)
2024-02-17 17:07:32,335 INFO o.a.j.l.DirectJDKLog [main] Initializing ProtocolHandler ["http-nio-auto-1"]
2024-02-17 17:07:32,336 INFO o.a.j.l.DirectJDKLog [main] Starting service [Tomcat]
2024-02-17 17:07:32,337 INFO o.a.j.l.DirectJDKLog [main] Starting Servlet engine: [Apache Tomcat/9.0.69]
2024-02-17 17:07:32,829 INFO o.a.j.l.DirectJDKLog [main] Initializing Spring embedded WebApplicationContext
2024-02-17 17:07:32,829 INFO o.s.b.w.s.c.ServletWebServerApplicationContext [main] Root WebApplicationContext: initialization completed in 3907 ms
2024-02-17 17:07:33,349 INFO o.h.j.i.u.LogHelper [main] HHH000204: Processing PersistenceUnitInfo [name: default]
2024-02-17 17:07:33,372 INFO c.z.h.HikariDataSource [main] HikariPool-2 - Starting...
2024-02-17 17:07:33,529 INFO c.z.h.HikariDataSource [main] HikariPool-2 - Start completed.
2024-02-17 17:07:33,534 INFO o.h.d.Dialect [main] HHH000400: Using dialect: org.hibernate.dialect.PostgreSQL10Dialect
2024-02-17 17:07:33,563 WARN o.h.b.i.InFlightMetadataCollectorImpl [main] HHH000069: Duplicate generator name default_generator
2024-02-17 17:07:33,578 WARN o.h.b.i.InFlightMetadataCollectorImpl [main] HHH000069: Duplicate generator name default_generator
2024-02-17 17:07:33,585 WARN o.h.b.i.InFlightMetadataCollectorImpl [main] HHH000069: Duplicate generator name default_generator
2024-02-17 17:07:34,586 INFO o.h.e.t.j.p.i.JtaPlatformInitiator [main] HHH000490: Using JtaPlatform implementation: [org.hibernate.engine.transaction.jta.platform.internal.NoJtaPlatform]
2024-02-17 17:07:34,587 INFO o.s.o.j.AbstractEntityManagerFactoryBean [main] Initialized JPA EntityManagerFactory for persistence unit 'default'
2024-02-17 17:07:37,898 INFO o.s.s.w.DefaultSecurityFilterChain [main] Will secure any request with [org.springframework.security.web.session.DisableEncodeUrlFilter@5b2235a5, org.springframework.security.web.context.request.async.WebAsyncManagerIntegrationFilter@5af6378e, org.springframework.security.web.context.SecurityContextPersistenceFilter@5b0af511, org.springframework.security.web.header.HeaderWriterFilter@279afa4e, org.springframework.security.web.authentication.logout.LogoutFilter@5ace2ce3, org.springframework.security.web.authentication.UsernamePasswordAuthenticationFilter@7c63146c, org.springframework.security.web.savedrequest.RequestCacheAwareFilter@fbd9b1f, org.springframework.security.web.servletapi.SecurityContextHolderAwareRequestFilter@7f85482c, org.springframework.security.web.authentication.AnonymousAuthenticationFilter@205b3a1a, org.springframework.security.web.session.SessionManagementFilter@519f1a7d, org.springframework.security.web.access.ExceptionTranslationFilter@76145ef9, org.springframework.security.web.access.intercept.FilterSecurityInterceptor@61f990b]
2024-02-17 17:07:38,162 WARN o.s.b.a.o.j.JpaBaseConfiguration$JpaWebConfiguration [main] spring.jpa.open-in-view is enabled by default. Therefore, database queries may be performed during view rendering. Explicitly configure spring.jpa.open-in-view to disable this warning
2024-02-17 17:07:38,310 INFO o.s.b.a.w.s.WelcomePageHandlerMapping [main] Adding welcome page template: index
2024-02-17 17:07:40,886 INFO o.s.s.w.DefaultSecurityFilterChain [main] Will secure any request with [org.springframework.security.web.session.DisableEncodeUrlFilter@24945f50, org.springframework.security.web.context.request.async.WebAsyncManagerIntegrationFilter@550244cb, org.springframework.security.web.context.SecurityContextPersistenceFilter@1bd7dd4a, org.springframework.security.web.header.HeaderWriterFilter@64027866, org.springframework.web.filter.CorsFilter@6de4e34a, org.springframework.security.web.authentication.logout.LogoutFilter@3b4aeacd, ru.sbercources.library.security.JwtTokenFilter@6f286e1d, org.springframework.security.web.authentication.www.BasicAuthenticationFilter@52b2f795, org.springframework.security.web.savedrequest.RequestCacheAwareFilter@bbe07e5, org.springframework.security.web.servletapi.SecurityContextHolderAwareRequestFilter@7c089fbc, org.springframework.security.web.authentication.AnonymousAuthenticationFilter@79bc29aa, org.springframework.security.web.session.SessionManagementFilter@46b4819c, org.springframework.security.web.access.ExceptionTranslationFilter@44ba9865, org.springframework.security.web.access.intercept.FilterSecurityInterceptor@5d233d7]
2024-02-17 17:07:41,903 INFO o.a.j.l.DirectJDKLog [main] Initializing Spring TestDispatcherServlet ''
2024-02-17 17:07:41,903 INFO o.s.w.s.FrameworkServlet [main] Initializing Servlet ''
2024-02-17 17:07:41,905 INFO o.s.w.s.FrameworkServlet [main] Completed initialization in 2 ms
2024-02-17 17:07:41,986 INFO o.a.j.l.DirectJDKLog [main] Starting ProtocolHandler ["http-nio-auto-1"]
2024-02-17 17:07:42,050 INFO o.s.b.w.e.t.TomcatWebServer [main] Tomcat started on port(s): 57474 (http) with context path ''
2024-02-17 17:07:42,070 INFO o.s.b.StartupInfoLogger [main] Started AuthorControllerTest in 13.38 seconds (JVM running for 52.234)
2024-02-17 17:07:43,103 INFO o.s.o.j.AbstractEntityManagerFactoryBean [SpringApplicationShutdownHook] Closing JPA EntityManagerFactory for persistence unit 'default'
2024-02-17 17:07:43,111 INFO c.z.h.HikariDataSource [SpringApplicationShutdownHook] HikariPool-1 - Shutdown initiated...
2024-02-17 17:07:43,126 INFO c.z.h.HikariDataSource [SpringApplicationShutdownHook] HikariPool-1 - Shutdown completed.
2024-02-17 17:07:43,192 INFO o.s.o.j.AbstractEntityManagerFactoryBean [SpringApplicationShutdownHook] Closing JPA EntityManagerFactory for persistence unit 'default'
2024-02-17 17:07:43,195 INFO c.z.h.HikariDataSource [SpringApplicationShutdownHook] HikariPool-2 - Shutdown initiated...
2024-02-17 17:07:43,210 INFO c.z.h.HikariDataSource [SpringApplicationShutdownHook] HikariPool-2 - Shutdown completed.
